

<-------------------------------------------------[LOG] 2025-07-18 13:47:41 START [LOG]------------------------------------------------->
Parametry modelu:
bootstrap: False
contamination: 0.01
max_features: 1.0
max_samples: 8192
n_estimators: 250
n_jobs: None
random_state: 33
verbose: 1
warm_start: False


<----------------------[LOG] 2025-07-18 13:48:36 2.2 Wizualizacja efektu testu na danych Tuesday-workingHours [LOG]---------------------->
Detection distribution anomaly/normal: 1.2071% / 98.7929%
!!! Wyniki pokazuje dopasowanie contamination (wyciagania wnioskow z gotowego produktu pracy modelu) NIE DCHYLENIA NORMALNY/ANOMALYJNY ruch sieciowy !!!
Anomaly detected: 4131
Normal traffic: 338094


<----------------[LOG] 2025-07-18 13:48:42 2.3 Sprawdzenie dokładniści wytrenowanego modelu na Tuesday-workingHours [LOG]---------------->
Number of flows in Tuesday - Working Hours: 342225
Correct data: 
Real number of anomalies in Tuesday - Working Hours: 9084
Procentage of anomlys in dataset: 2.6544%
Predicted data: 
Number of DETECTED anomalies in Tuesday - Working Hours: 4131
Procentage of anomlys in dataset: 1.2071%

Number of correct predictions(TP): 2
Number of wrong predyctions(FP): 4129
Accuracy of predictions: 96.1397%
Sensitivity of predictions: 0.0220%
Precision of predictions: 0.0484%


<---------------------[LOG] 2025-07-18 13:48:55 3.2 Wizualizacja efektu testu na danych Wednesday-WorkingHours [LOG]--------------------->
Detection distribution anomaly/normal: 30.3957% / 69.6043%
!!! Wyniki pokazuje dopasowanie contamination (wyciagania wnioskow z gotowego produktu pracy modelu) NIE DCHYLENIA NORMALNY/ANOMALYJNY ruch sieciowy !!!
Anomaly detected: 163315
Normal traffic: 373982
3.3 Sprawdzenie dokładniści wytrenowanego modelu na Wednesday-WorkingHours
Number of flows in Wednesday-WorkingHours: 537297
Correct data: 
Real number of anomalies in Wednesday-WorkingHours: 192878
Procentage of anomlys in dataset: 35.8978%
Predicted data: 
Number of DETECTED anomalies in Wednesday-WorkingHours: 163315
Procentage of anomlys in dataset: 30.3957%

Number of correct predictions(TP): 156069
Number of wrong predyctions(FP): 7246
Accuracy of predictions: 91.8006%
Sensitivity of predictions: 80.9159%
Precision of predictions: 95.5632%
F - mesure - harmonic-mean of precision and sensitivity: 87.6317%


<----------------------------[LOG] 2025-07-18 13:49:07 3.2 Wizualizacja efektu testu na danych Thursday [LOG]---------------------------->
Detection distribution anomaly/normal: 1.0484% / 98.9516%
!!! Wyniki pokazuje dopasowanie contamination (wyciagania wnioskow z gotowego produktu pracy modelu) NIE DCHYLENIA NORMALNY/ANOMALYJNY ruch sieciowy !!!
Anomaly detected: 3365
Normal traffic: 317610
3.3 Sprawdzenie dokładniści wytrenowanego modelu na Thursday
Number of flows in Thursday: 320975
Correct data: 
Real number of anomalies in Thursday: 2135
Procentage of anomlys in dataset: 0.6652%
Predicted data: 
Number of DETECTED anomalies in Thursday: 3365
Procentage of anomlys in dataset: 1.0484%

Number of correct predictions(TP): 107
Number of wrong predyctions(FP): 3258
Accuracy of predictions: 98.3531%
Sensitivity of predictions: 5.0117%
Precision of predictions: 3.1798%
F - mesure - harmonic-mean of precision and sensitivity: 3.8909%


<-----------------------------[LOG] 2025-07-18 13:49:18 3.2 Wizualizacja efektu testu na danych Friday [LOG]----------------------------->
Detection distribution anomaly/normal: 19.5368% / 80.4632%
!!! Wyniki pokazuje dopasowanie contamination (wyciagania wnioskow z gotowego produktu pracy modelu) NIE DCHYLENIA NORMALNY/ANOMALYJNY ruch sieciowy !!!
Anomaly detected: 93092
Normal traffic: 383404
3.3 Sprawdzenie dokładniści wytrenowanego modelu na Friday
Number of flows in Friday: 476496
Correct data: 
Real number of anomalies in Friday: 131273
Procentage of anomlys in dataset: 27.5497%
Predicted data: 
Number of DETECTED anomalies in Friday: 93092
Procentage of anomlys in dataset: 19.5368%

Number of correct predictions(TP): 72532
Number of wrong predyctions(FP): 20560
Accuracy of predictions: 83.3575%
Sensitivity of predictions: 55.2528%
Precision of predictions: 77.9143%
F - mesure - harmonic-mean of precision and sensitivity: 64.6554%


<-------------------------------[LOG] 2025-07-18 13:49:52 3.2 Wizualizacja efektu testu na danych df [LOG]------------------------------->
Detection distribution anomaly/normal: 15.7367% / 84.2633%
!!! Wyniki pokazuje dopasowanie contamination (wyciagania wnioskow z gotowego produktu pracy modelu) NIE DCHYLENIA NORMALNY/ANOMALYJNY ruch sieciowy !!!
Anomaly detected: 263903
Normal traffic: 1413090
3.3 Sprawdzenie dokładniści wytrenowanego modelu na df
Number of flows in df: 1676993
Correct data: 
Real number of anomalies in df: 335370
Procentage of anomlys in dataset: 19.9983%
Predicted data: 
Number of DETECTED anomalies in df: 263903
Procentage of anomlys in dataset: 15.7367%

Number of correct predictions(TP): 228710
Number of wrong predyctions(FP): 35193
Accuracy of predictions: 91.5412%
Sensitivity of predictions: 68.1963%
Precision of predictions: 86.6644%
F - mesure - harmonic-mean of precision and sensitivity: 76.3292%


<-------------------------------------------------[LOG] 2025-07-18 14:42:05 START [LOG]------------------------------------------------->


<-------------------------------------------------[LOG] 2025-07-18 14:51:41 START [LOG]------------------------------------------------->


<-------------------------------------------------[LOG] 2025-07-18 14:58:16 START [LOG]------------------------------------------------->


<-------------------------------------------------[LOG] 2025-07-18 15:07:16 START [LOG]------------------------------------------------->
Parametry modelu:
bootstrap: False
contamination: 0.01
max_features: 1.0
max_samples: 8192
n_estimators: 250
n_jobs: None
random_state: 33
verbose: 1
warm_start: False


<----------------------[LOG] 2025-07-18 15:08:15 2.2 Wizualizacja efektu testu na danych Tuesday-workingHours [LOG]---------------------->
Detection distribution anomaly/normal: 1.1944% / 98.8056%
!!! Wyniki pokazuje dopasowanie contamination (wyciagania wnioskow z gotowego produktu pracy modelu) NIE DCHYLENIA NORMALNY/ANOMALYJNY ruch sieciowy !!!
Anomaly detected: 5323
Normal traffic: 440322


<----------------[LOG] 2025-07-18 15:08:22 2.3 Sprawdzenie dokładniści wytrenowanego modelu na Tuesday-workingHours [LOG]---------------->
Number of flows in Tuesday - Working Hours: 445645
Correct data: 
Real number of anomalies in Tuesday - Working Hours: 13832
Procentage of anomlys in dataset: 3.1038%
Predicted data: 
Number of DETECTED anomalies in Tuesday - Working Hours: 5323
Procentage of anomlys in dataset: 1.1944%

Number of correct predictions(TP): 1
Number of wrong predyctions(FP): 5322
Accuracy of predictions: 95.7022%
Sensitivity of predictions: 0.0072%
Precision of predictions: 0.0188%


<---------------------[LOG] 2025-07-18 15:08:41 3.2 Wizualizacja efektu testu na danych Wednesday-WorkingHours [LOG]--------------------->
Detection distribution anomaly/normal: 24.2980% / 75.7020%
!!! Wyniki pokazuje dopasowanie contamination (wyciagania wnioskow z gotowego produktu pracy modelu) NIE DCHYLENIA NORMALNY/ANOMALYJNY ruch sieciowy !!!
Anomaly detected: 167998
Normal traffic: 523408
3.3 Sprawdzenie dokładniści wytrenowanego modelu na Wednesday-WorkingHours
Number of flows in Wednesday-WorkingHours: 691406
Correct data: 
Real number of anomalies in Wednesday-WorkingHours: 251723
Procentage of anomlys in dataset: 36.4074%
Predicted data: 
Number of DETECTED anomalies in Wednesday-WorkingHours: 167998
Procentage of anomlys in dataset: 24.2980%

Number of correct predictions(TP): 159218
Number of wrong predyctions(FP): 8780
Accuracy of predictions: 85.3509%
Sensitivity of predictions: 63.2513%
Precision of predictions: 94.7737%
F - mesure - harmonic-mean of precision and sensitivity: 75.8685%


<----------------------------[LOG] 2025-07-18 15:08:58 3.2 Wizualizacja efektu testu na danych Thursday [LOG]---------------------------->
Detection distribution anomaly/normal: 0.9792% / 99.0208%
!!! Wyniki pokazuje dopasowanie contamination (wyciagania wnioskow z gotowego produktu pracy modelu) NIE DCHYLENIA NORMALNY/ANOMALYJNY ruch sieciowy !!!
Anomaly detected: 4491
Normal traffic: 454135
3.3 Sprawdzenie dokładniści wytrenowanego modelu na Thursday
Number of flows in Thursday: 458626
Correct data: 
Real number of anomalies in Thursday: 2216
Procentage of anomlys in dataset: 0.4832%
Predicted data: 
Number of DETECTED anomalies in Thursday: 4491
Procentage of anomlys in dataset: 0.9792%

Number of correct predictions(TP): 109
Number of wrong predyctions(FP): 4382
Accuracy of predictions: 98.5851%
Sensitivity of predictions: 4.9188%
Precision of predictions: 2.4271%
F - mesure - harmonic-mean of precision and sensitivity: 3.2503%


<-----------------------------[LOG] 2025-07-18 15:09:14 3.2 Wizualizacja efektu testu na danych Friday [LOG]----------------------------->
Detection distribution anomaly/normal: 13.4799% / 86.5201%
!!! Wyniki pokazuje dopasowanie contamination (wyciagania wnioskow z gotowego produktu pracy modelu) NIE DCHYLENIA NORMALNY/ANOMALYJNY ruch sieciowy !!!
Anomaly detected: 94726
Normal traffic: 607992
3.3 Sprawdzenie dokładniści wytrenowanego modelu na Friday
Number of flows in Friday: 702718
Correct data: 
Real number of anomalies in Friday: 288785
Procentage of anomlys in dataset: 41.0954%
Predicted data: 
Number of DETECTED anomalies in Friday: 94726
Procentage of anomlys in dataset: 13.4799%

Number of correct predictions(TP): 73073
Number of wrong predyctions(FP): 21653
Accuracy of predictions: 66.2219%
Sensitivity of predictions: 25.3036%
Precision of predictions: 77.1414%
F - mesure - harmonic-mean of precision and sensitivity: 38.1074%


<-------------------------------[LOG] 2025-07-18 15:10:02 3.2 Wizualizacja efektu testu na danych df [LOG]------------------------------->
Detection distribution anomaly/normal: 11.8578% / 88.1422%
!!! Wyniki pokazuje dopasowanie contamination (wyciagania wnioskow z gotowego produktu pracy modelu) NIE DCHYLENIA NORMALNY/ANOMALYJNY ruch sieciowy !!!
Anomaly detected: 272538
Normal traffic: 2025857
3.3 Sprawdzenie dokładniści wytrenowanego modelu na df
Number of flows in df: 2298395
Correct data: 
Real number of anomalies in df: 556556
Procentage of anomlys in dataset: 24.2150%
Predicted data: 
Number of DETECTED anomalies in df: 272538
Procentage of anomlys in dataset: 11.8578%

Number of correct predictions(TP): 232401
Number of wrong predyctions(FP): 40137
Accuracy of predictions: 84.1502%
Sensitivity of predictions: 41.7570%
Precision of predictions: 85.2729%
F - mesure - harmonic-mean of precision and sensitivity: 56.0614%


<-------------------------------------------------[LOG] 2025-07-18 15:33:56 START [LOG]------------------------------------------------->
Parametry modelu:
bootstrap: False
contamination: 0.01
max_features: 1.0
max_samples: 8192
n_estimators: 250
n_jobs: None
random_state: 33
verbose: 1
warm_start: False


<----------------------[LOG] 2025-07-18 15:34:44 2.2 Wizualizacja efektu testu na danych Tuesday-workingHours [LOG]---------------------->
Detection distribution anomaly/normal: 1.2071% / 98.7929%
!!! Wyniki pokazuje dopasowanie contamination (wyciagania wnioskow z gotowego produktu pracy modelu) NIE DCHYLENIA NORMALNY/ANOMALYJNY ruch sieciowy !!!
Anomaly detected: 4131
Normal traffic: 338094


<----------------[LOG] 2025-07-18 15:34:49 2.3 Sprawdzenie dokładniści wytrenowanego modelu na Tuesday-workingHours [LOG]---------------->
Number of flows in Tuesday - Working Hours: 342225
Correct data: 
Real number of anomalies in Tuesday - Working Hours: 9084
Procentage of anomlys in dataset: 2.6544%
Predicted data: 
Number of DETECTED anomalies in Tuesday - Working Hours: 4131
Procentage of anomlys in dataset: 1.2071%

Number of correct predictions(TP): 2
Number of wrong predyctions(FP): 4129
Accuracy of predictions: 96.1397%
Sensitivity of predictions: 0.0220%
Precision of predictions: 0.0484%


<---------------------[LOG] 2025-07-18 15:35:02 3.2 Wizualizacja efektu testu na danych Wednesday-WorkingHours [LOG]--------------------->
Detection distribution anomaly/normal: 30.3957% / 69.6043%
!!! Wyniki pokazuje dopasowanie contamination (wyciagania wnioskow z gotowego produktu pracy modelu) NIE DCHYLENIA NORMALNY/ANOMALYJNY ruch sieciowy !!!
Anomaly detected: 163315
Normal traffic: 373982
3.3 Sprawdzenie dokładniści wytrenowanego modelu na Wednesday-WorkingHours
Number of flows in Wednesday-WorkingHours: 537297
Correct data: 
Real number of anomalies in Wednesday-WorkingHours: 192878
Procentage of anomlys in dataset: 35.8978%
Predicted data: 
Number of DETECTED anomalies in Wednesday-WorkingHours: 163315
Procentage of anomlys in dataset: 30.3957%

Number of correct predictions(TP): 156069
Number of wrong predyctions(FP): 7246
Accuracy of predictions: 91.8006%
Sensitivity of predictions: 80.9159%
Precision of predictions: 95.5632%
F - mesure - harmonic-mean of precision and sensitivity: 87.6317%


<----------------------------[LOG] 2025-07-18 15:35:14 3.2 Wizualizacja efektu testu na danych Thursday [LOG]---------------------------->
Detection distribution anomaly/normal: 1.0484% / 98.9516%
!!! Wyniki pokazuje dopasowanie contamination (wyciagania wnioskow z gotowego produktu pracy modelu) NIE DCHYLENIA NORMALNY/ANOMALYJNY ruch sieciowy !!!
Anomaly detected: 3365
Normal traffic: 317610
3.3 Sprawdzenie dokładniści wytrenowanego modelu na Thursday
Number of flows in Thursday: 320975
Correct data: 
Real number of anomalies in Thursday: 2135
Procentage of anomlys in dataset: 0.6652%
Predicted data: 
Number of DETECTED anomalies in Thursday: 3365
Procentage of anomlys in dataset: 1.0484%

Number of correct predictions(TP): 107
Number of wrong predyctions(FP): 3258
Accuracy of predictions: 98.3531%
Sensitivity of predictions: 5.0117%
Precision of predictions: 3.1798%
F - mesure - harmonic-mean of precision and sensitivity: 3.8909%


<-----------------------------[LOG] 2025-07-18 15:35:24 3.2 Wizualizacja efektu testu na danych Friday [LOG]----------------------------->
Detection distribution anomaly/normal: 19.5368% / 80.4632%
!!! Wyniki pokazuje dopasowanie contamination (wyciagania wnioskow z gotowego produktu pracy modelu) NIE DCHYLENIA NORMALNY/ANOMALYJNY ruch sieciowy !!!
Anomaly detected: 93092
Normal traffic: 383404
3.3 Sprawdzenie dokładniści wytrenowanego modelu na Friday
Number of flows in Friday: 476496
Correct data: 
Real number of anomalies in Friday: 131273
Procentage of anomlys in dataset: 27.5497%
Predicted data: 
Number of DETECTED anomalies in Friday: 93092
Procentage of anomlys in dataset: 19.5368%

Number of correct predictions(TP): 72532
Number of wrong predyctions(FP): 20560
Accuracy of predictions: 83.3575%
Sensitivity of predictions: 55.2528%
Precision of predictions: 77.9143%
F - mesure - harmonic-mean of precision and sensitivity: 64.6554%


<-------------------------------[LOG] 2025-07-18 15:35:58 3.2 Wizualizacja efektu testu na danych df [LOG]------------------------------->
Detection distribution anomaly/normal: 15.7367% / 84.2633%
!!! Wyniki pokazuje dopasowanie contamination (wyciagania wnioskow z gotowego produktu pracy modelu) NIE DCHYLENIA NORMALNY/ANOMALYJNY ruch sieciowy !!!
Anomaly detected: 263903
Normal traffic: 1413090
3.3 Sprawdzenie dokładniści wytrenowanego modelu na df
Number of flows in df: 1676993
Correct data: 
Real number of anomalies in df: 335370
Procentage of anomlys in dataset: 19.9983%
Predicted data: 
Number of DETECTED anomalies in df: 263903
Procentage of anomlys in dataset: 15.7367%

Number of correct predictions(TP): 228710
Number of wrong predyctions(FP): 35193
Accuracy of predictions: 91.5412%
Sensitivity of predictions: 68.1963%
Precision of predictions: 86.6644%
F - mesure - harmonic-mean of precision and sensitivity: 76.3292%
No such comm target registered: jupyter.widget.control
No such comm: 17d2238f-ad3c-41ea-98c8-e1043913a6b5
