

<----------------------[LOG] 2025-07-04 15:05:59 2.2 Wizualizacja efektu testu na danych Tuesday-workingHours [LOG]---------------------->
Detection distribution anomaly/normal: 0.9552% / 99.0448%
!!! Wyniki pokazuje dopasowanie contamination (wyciagania wnioskow z gotowego produktu pracy modelu) NIE DCHYLENIA NORMALNY/ANOMALYJNY ruch sieciowy !!!
Anomaly detected: 4257
Normal traffic: 441388


<----------------[LOG] 2025-07-04 15:06:07 2.3 Sprawdzenie dokładniści wytrenowanego modelu na Tuesday-workingHours [LOG]---------------->
Number of flows in Tuesday - Working Hours: 445645
Correct data: 
Real number of anomalies in Tuesday - Working Hours: 13832
Procentage of anomlys in dataset: 3.1038%
Predicted data: 
Number of DETECTED anomalies in Tuesday - Working Hours: 4257
Procentage of anomlys in dataset: 0.9552%

Number of correct predictions: 0
Accuracy of predictions: 95.9409%
Sensitivity of predictions: 0.0000%
Precision of predictions: 0.0000%


<---------------------[LOG] 2025-07-04 15:06:24 3.2 Wizualizacja efektu testu na danych Wednesday-WorkingHours [LOG]--------------------->
Detection distribution anomaly/normal: 21.5744% / 78.4256%
!!! Wyniki pokazuje dopasowanie contamination (wyciagania wnioskow z gotowego produktu pracy modelu) NIE DCHYLENIA NORMALNY/ANOMALYJNY ruch sieciowy !!!
Anomaly detected: 149167
Normal traffic: 542239


<---------------[LOG] 2025-07-04 15:06:27 3.3 Sprawdzenie dokładniści wytrenowanego modelu na Wednesday-WorkingHours [LOG]--------------->
Number of flows in Wednesday - Working Hours: 691406
Correct data: 
Real number of anomalies in Wednesday - Working Hours: 251723
Procentage of anomlys in dataset: 36.4074%
Predicted data: 
Number of DETECTED anomalies in Wednesday - Working Hours: 
Procentage of anomlys in dataset: 21.5744%

Number of correct predictions: 141211
Accuracy of predictions: 82.8656%
Sensitivity of predictions: 56.0978%
Precision of predictions: 94.6664%


<----------------------[LOG] 2025-07-04 15:08:46 2.2 Wizualizacja efektu testu na danych Tuesday-workingHours [LOG]---------------------->
Detection distribution anomaly/normal: 0.9420% / 99.0580%
!!! Wyniki pokazuje dopasowanie contamination (wyciagania wnioskow z gotowego produktu pracy modelu) NIE DCHYLENIA NORMALNY/ANOMALYJNY ruch sieciowy !!!
Anomaly detected: 4198
Normal traffic: 441447


<----------------[LOG] 2025-07-04 15:08:52 2.3 Sprawdzenie dokładniści wytrenowanego modelu na Tuesday-workingHours [LOG]---------------->
Number of flows in Tuesday - Working Hours: 445645
Correct data: 
Real number of anomalies in Tuesday - Working Hours: 13832
Procentage of anomlys in dataset: 3.1038%
Predicted data: 
Number of DETECTED anomalies in Tuesday - Working Hours: 4198
Procentage of anomlys in dataset: 0.9420%

Number of correct predictions: 0
Accuracy of predictions: 95.9542%
Sensitivity of predictions: 0.0000%
Precision of predictions: 0.0000%


<---------------------[LOG] 2025-07-04 15:09:06 3.2 Wizualizacja efektu testu na danych Wednesday-WorkingHours [LOG]--------------------->
Detection distribution anomaly/normal: 21.5449% / 78.4551%
!!! Wyniki pokazuje dopasowanie contamination (wyciagania wnioskow z gotowego produktu pracy modelu) NIE DCHYLENIA NORMALNY/ANOMALYJNY ruch sieciowy !!!
Anomaly detected: 148963
Normal traffic: 542443


<---------------[LOG] 2025-07-04 15:09:10 3.3 Sprawdzenie dokładniści wytrenowanego modelu na Wednesday-WorkingHours [LOG]--------------->
Number of flows in Wednesday - Working Hours: 691406
Correct data: 
Real number of anomalies in Wednesday - Working Hours: 251723
Procentage of anomlys in dataset: 36.4074%
Predicted data: 
Number of DETECTED anomalies in Wednesday - Working Hours: 
Procentage of anomlys in dataset: 21.5449%

Number of correct predictions: 141009
Accuracy of predictions: 82.8367%
Sensitivity of predictions: 56.0175%
Precision of predictions: 94.6604%


<-------------------------------------------------[LOG] 2025-07-04 15:11:35 START [LOG]------------------------------------------------->


<----------------------[LOG] 2025-07-04 15:12:07 2.2 Wizualizacja efektu testu na danych Tuesday-workingHours [LOG]---------------------->
Detection distribution anomaly/normal: 0.9660% / 99.0340%
!!! Wyniki pokazuje dopasowanie contamination (wyciagania wnioskow z gotowego produktu pracy modelu) NIE DCHYLENIA NORMALNY/ANOMALYJNY ruch sieciowy !!!
Anomaly detected: 4305
Normal traffic: 441340


<----------------[LOG] 2025-07-04 15:12:13 2.3 Sprawdzenie dokładniści wytrenowanego modelu na Tuesday-workingHours [LOG]---------------->
Number of flows in Tuesday - Working Hours: 445645
Correct data: 
Real number of anomalies in Tuesday - Working Hours: 13832
Procentage of anomlys in dataset: 3.1038%
Predicted data: 
Number of DETECTED anomalies in Tuesday - Working Hours: 4305
Procentage of anomlys in dataset: 0.9660%

Number of correct predictions: 0
Accuracy of predictions: 95.9302%
Sensitivity of predictions: 0.0000%
Precision of predictions: 0.0000%


<---------------------[LOG] 2025-07-04 15:12:25 3.2 Wizualizacja efektu testu na danych Wednesday-WorkingHours [LOG]--------------------->
Detection distribution anomaly/normal: 21.5295% / 78.4705%
!!! Wyniki pokazuje dopasowanie contamination (wyciagania wnioskow z gotowego produktu pracy modelu) NIE DCHYLENIA NORMALNY/ANOMALYJNY ruch sieciowy !!!
Anomaly detected: 148856
Normal traffic: 542550


<---------------[LOG] 2025-07-04 15:12:29 3.3 Sprawdzenie dokładniści wytrenowanego modelu na Wednesday-WorkingHours [LOG]--------------->
Number of flows in Wednesday - Working Hours: 691406
Correct data: 
Real number of anomalies in Wednesday - Working Hours: 251723
Procentage of anomlys in dataset: 36.4074%
Predicted data: 
Number of DETECTED anomalies in Wednesday - Working Hours: 
Procentage of anomlys in dataset: 21.5295%

Number of correct predictions: 140755
Accuracy of predictions: 82.7787%
Sensitivity of predictions: 55.9166%
Precision of predictions: 94.5578%


<-------------------------------------------------[LOG] 2025-07-04 15:15:52 START [LOG]------------------------------------------------->


<-------------------------------------------------[LOG] 2025-07-04 15:18:17 START [LOG]------------------------------------------------->
Parametry modelu:
bootstrap: False
contamination: 0.01
max_features: 1.0
max_samples: 512
n_estimators: 250
n_jobs: None
random_state: 33
verbose: 1
warm_start: False


<----------------------[LOG] 2025-07-04 15:18:56 2.2 Wizualizacja efektu testu na danych Tuesday-workingHours [LOG]---------------------->
Detection distribution anomaly/normal: 0.9552% / 99.0448%
!!! Wyniki pokazuje dopasowanie contamination (wyciagania wnioskow z gotowego produktu pracy modelu) NIE DCHYLENIA NORMALNY/ANOMALYJNY ruch sieciowy !!!
Anomaly detected: 4257
Normal traffic: 441388


<----------------[LOG] 2025-07-04 15:19:04 2.3 Sprawdzenie dokładniści wytrenowanego modelu na Tuesday-workingHours [LOG]---------------->
Number of flows in Tuesday - Working Hours: 445645
Correct data: 
Real number of anomalies in Tuesday - Working Hours: 13832
Procentage of anomlys in dataset: 3.1038%
Predicted data: 
Number of DETECTED anomalies in Tuesday - Working Hours: 4257
Procentage of anomlys in dataset: 0.9552%

Number of correct predictions: 0
Accuracy of predictions: 95.9409%
Sensitivity of predictions: 0.0000%
Precision of predictions: 0.0000%


<---------------------[LOG] 2025-07-04 15:19:22 3.2 Wizualizacja efektu testu na danych Wednesday-WorkingHours [LOG]--------------------->
Detection distribution anomaly/normal: 21.5744% / 78.4256%
!!! Wyniki pokazuje dopasowanie contamination (wyciagania wnioskow z gotowego produktu pracy modelu) NIE DCHYLENIA NORMALNY/ANOMALYJNY ruch sieciowy !!!
Anomaly detected: 149167
Normal traffic: 542239


<---------------[LOG] 2025-07-04 15:19:26 3.3 Sprawdzenie dokładniści wytrenowanego modelu na Wednesday-WorkingHours [LOG]--------------->
Number of flows in Wednesday - Working Hours: 691406
Correct data: 
Real number of anomalies in Wednesday - Working Hours: 251723
Procentage of anomlys in dataset: 36.4074%
Predicted data: 
Number of DETECTED anomalies in Wednesday - Working Hours: 
Procentage of anomlys in dataset: 21.5744%

Number of correct predictions: 141211
Accuracy of predictions: 82.8656%
Sensitivity of predictions: 56.0978%
Precision of predictions: 94.6664%


<-------------------------------------------------[LOG] 2025-07-04 15:21:18 START [LOG]------------------------------------------------->
Parametry modelu:
bootstrap: False
contamination: 0.01
max_features: 1.0
max_samples: 512
n_estimators: 300
n_jobs: None
random_state: 33
verbose: 1
warm_start: False


<----------------------[LOG] 2025-07-04 15:22:00 2.2 Wizualizacja efektu testu na danych Tuesday-workingHours [LOG]---------------------->
Detection distribution anomaly/normal: 0.9694% / 99.0306%
!!! Wyniki pokazuje dopasowanie contamination (wyciagania wnioskow z gotowego produktu pracy modelu) NIE DCHYLENIA NORMALNY/ANOMALYJNY ruch sieciowy !!!
Anomaly detected: 4320
Normal traffic: 441325


<----------------[LOG] 2025-07-04 15:22:09 2.3 Sprawdzenie dokładniści wytrenowanego modelu na Tuesday-workingHours [LOG]---------------->
Number of flows in Tuesday - Working Hours: 445645
Correct data: 
Real number of anomalies in Tuesday - Working Hours: 13832
Procentage of anomlys in dataset: 3.1038%
Predicted data: 
Number of DETECTED anomalies in Tuesday - Working Hours: 4320
Procentage of anomlys in dataset: 0.9694%

Number of correct predictions: 0
Accuracy of predictions: 95.9268%
Sensitivity of predictions: 0.0000%
Precision of predictions: 0.0000%


<---------------------[LOG] 2025-07-04 15:22:29 3.2 Wizualizacja efektu testu na danych Wednesday-WorkingHours [LOG]--------------------->
Detection distribution anomaly/normal: 21.6016% / 78.3984%
!!! Wyniki pokazuje dopasowanie contamination (wyciagania wnioskow z gotowego produktu pracy modelu) NIE DCHYLENIA NORMALNY/ANOMALYJNY ruch sieciowy !!!
Anomaly detected: 149355
Normal traffic: 542051


<---------------[LOG] 2025-07-04 15:22:32 3.3 Sprawdzenie dokładniści wytrenowanego modelu na Wednesday-WorkingHours [LOG]--------------->
Number of flows in Wednesday - Working Hours: 691406
Correct data: 
Real number of anomalies in Wednesday - Working Hours: 251723
Procentage of anomlys in dataset: 36.4074%
Predicted data: 
Number of DETECTED anomalies in Wednesday - Working Hours: 
Procentage of anomlys in dataset: 21.6016%

Number of correct predictions: 141291
Accuracy of predictions: 82.8616%
Sensitivity of predictions: 56.1296%
Precision of predictions: 94.6008%
